<?xml version="1.0" encoding="UTF-8"?>
<!-- Generated by org.testng.reporters.JUnitReportReporter -->
<testsuite hostname="HbpSoft" failures="0" tests="3" name="com.test.PP_Machines_storage.Atlas_Annotation_Data" time="47.331" errors="0" timestamp="2024-06-24T10:40:38 IST" skipped="0">
  <testcase classname="com.test.PP_Machines_storage.Atlas_Annotation_Data" name="testListFiles" time="2.378"/>
  <system-out/>
  <testcase classname="com.test.PP_Machines_storage.Atlas_Annotation_Data" name="testPrintFiles" time="0.018"/>
  <system-out/>
  <testcase classname="com.test.PP_Machines_storage.Atlas_Annotation_Data" name="testFlatTreeJsonFiles" time="44.935"/>
  <system-out/>
</testsuite> <!-- com.test.PP_Machines_storage.Atlas_Annotation_Data -->
